<?xml version="1.0" encoding="UTF-8"?>
<beans xmlns:xsi="http://www.w3.org/2001/XMLSchema-instance"
       xmlns:aop="http://www.springframework.org/schema/aop"
       xmlns:context="http://www.springframework.org/schema/context"
       xmlns="http://www.springframework.org/schema/beans"
       xsi:schemaLocation="http://www.springframework.org/schema/beans http://www.springframework.org/schema/beans/spring-beans.xsd http://www.springframework.org/schema/aop http://www.springframework.org/schema/aop/spring-aop.xsd http://www.springframework.org/schema/context http://www.springframework.org/schema/context/spring-context.xsd">

    <context:annotation-config/>
    <aop:aspectj-autoproxy/>

    <context:property-placeholder location="test-suspension.properties"/>
    <bean id="memoryRateCache" class="org.encos.flydown.limiters.cache.impl.InMemoryRateCache"/>

    <bean class="org.encos.flydown.Flydown">
        <property name="rateCache" ref="memoryRateCache"/>
        <property name="flydownProperties">
            <props>
                <prop key="flydown.requests.limit">${test.flydown.requests.limit}</prop>
                <prop key="flydown.interval.time">${test.flydown.interval.time}</prop>
                <prop key="flydown.suspension.time">${test.flydown.suspension.time}</prop>
            </props>
        </property>
    </bean>

    <bean id="contextServiceTest" class="org.encos.flydown.test.services.ContextServiceTest"/>
    <bean id="principalServiceTest" class="org.encos.flydown.test.services.PrincipalServiceTest"/>
    <bean id="methodParamsServiceTest" class="org.encos.flydown.test.services.MethodParamsServiceTest"/>

</beans>